<?xml version="1.0" encoding="UTF-8"?>
<!-- Generated by org.testng.reporters.JUnitReportReporter -->
<testsuite hostname="DESKTOP-C4MOHRM" failures="0" tests="1" name="TestRunner.TestRunner" time="19.229" errors="0" timestamp="2025-07-14T11:28:04 IST" skipped="0">
  <testcase classname="TestRunner.TestRunner" name="runScenario" time="19.229"/>
  <system-out/>
</testsuite> <!-- TestRunner.TestRunner -->
