<?xml version="1.0" encoding="UTF-8"?>
<!-- Generated by org.testng.reporters.JUnitReportReporter -->
<testsuite hostname="DESKTOP-C4MOHRM" failures="0" tests="2" name="Testcases.FlipkartResultTest" time="17.984" errors="0" timestamp="2025-07-14T11:28:04 IST" skipped="0">
  <testcase classname="Testcases.FlipkartResultTest" name="searchmobile" time="17.381"/>
  <system-out/>
  <testcase classname="Testcases.FlipkartResultTest" name="resultclick" time="0.603"/>
  <system-out/>
</testsuite> <!-- Testcases.FlipkartResultTest -->
